2023.05.11 08:40:24 INFO  Started: Metals version 0.11.12 in workspace '/home/salahytm/Langages-fonctionnels/scala/project-hw' for client Visual Studio Code 1.78.0.[0m
mai 11, 2023 8:40:24 AM org.flywaydb.core.internal.license.VersionPrinter printVersionOnly
INFOS: Flyway Community Edition 9.16.3 by Redgate
mai 11, 2023 8:40:24 AM org.flywaydb.core.internal.license.VersionPrinter printVersion
INFOS: See release notes here: https://rd.gt/416ObMi
mai 11, 2023 8:40:24 AM org.flywaydb.core.internal.license.VersionPrinter printVersion
INFOS: 
mai 11, 2023 8:40:24 AM org.flywaydb.core.internal.database.base.BaseDatabaseType createDatabase
INFOS: Database: jdbc:h2:file:/home/salahytm/Langages-fonctionnels/scala/project-hw/.metals/metals (H2 2.1)
mai 11, 2023 8:40:24 AM org.flywaydb.core.internal.schemahistory.JdbcTableSchemaHistory allAppliedMigrations
INFOS: Schema history table "PUBLIC"."flyway_schema_history" does not exist yet
mai 11, 2023 8:40:24 AM org.flywaydb.core.internal.command.DbValidate validate
INFOS: Successfully validated 4 migrations (execution time 00:00.019s)
mai 11, 2023 8:40:24 AM org.flywaydb.core.internal.schemahistory.JdbcTableSchemaHistory create
INFOS: Creating Schema History table "PUBLIC"."flyway_schema_history" ...
mai 11, 2023 8:40:24 AM org.flywaydb.core.internal.command.DbMigrate migrateGroup
INFOS: Current version of schema "PUBLIC": << Empty Schema >>
mai 11, 2023 8:40:24 AM org.flywaydb.core.internal.command.DbMigrate doMigrateGroup
INFOS: Migrating schema "PUBLIC" to version "1 - Create tables"
mai 11, 2023 8:40:24 AM org.flywaydb.core.internal.command.DbMigrate doMigrateGroup
INFOS: Migrating schema "PUBLIC" to version "2 - Server discovery"
mai 11, 2023 8:40:24 AM org.flywaydb.core.internal.command.DbMigrate doMigrateGroup
INFOS: Migrating schema "PUBLIC" to version "3 - Jar symbols"
mai 11, 2023 8:40:24 AM org.flywaydb.core.internal.command.DbMigrate doMigrateGroup
INFOS: Migrating schema "PUBLIC" to version "4 - Fingerprints"
mai 11, 2023 8:40:24 AM org.flywaydb.core.internal.command.DbMigrate logSummary
INFOS: Successfully applied 4 migrations to schema "PUBLIC", now at version v4 (execution time 00:00.058s)
2023.05.11 08:40:24 INFO  time: initialize in 0.66s[0m
2023.05.11 08:40:25 WARN  Build server is not auto-connectable.[0m
2023.05.11 08:40:41 INFO  Shutting down server[0m
2023.05.11 08:40:41 INFO  shutting down Metals[0m
2023.05.11 08:40:41 INFO  Exiting server[0m
